[INFO] 2025-02-13 19:18:12.802 [main] Utils - [Utils] MethodGroupsHelper.collectMethodsByGroup() took 0 ms.
[INFO] 2025-02-13 19:18:12.805 [main] Utils - [Utils] MethodGroupsHelper.sortMethods() took 0 ms.
[INFO] 2025-02-13 19:18:12.807 [main] Utils - [Utils] MethodGroupsHelper.collectMethodsByGroup() took 0 ms.
[INFO] 2025-02-13 19:18:12.807 [main] Utils - [Utils] MethodGroupsHelper.sortMethods() took 0 ms.
[INFO] 2025-02-13 19:18:12.807 [main] Utils - [Utils] MethodGroupsHelper.collectMethodsByGroup() took 0 ms.
[INFO] 2025-02-13 19:18:12.808 [main] Utils - [Utils] MethodGroupsHelper.sortMethods() took 0 ms.
[INFO] 2025-02-13 19:18:12.808 [main] Utils - [Utils] MethodGroupsHelper.collectMethodsByGroup() took 0 ms.
[INFO] 2025-02-13 19:18:12.808 [main] Utils - [Utils] MethodGroupsHelper.sortMethods() took 0 ms.
[INFO] 2025-02-13 19:18:12.813 [main] Utils - [Utils] MethodGroupsHelper.collectMethodsByGroup() took 0 ms.
[INFO] 2025-02-13 19:18:12.823 [main] Utils - [Utils] MethodGroupsHelper.sortMethods() took 9 ms.
[INFO] 2025-02-13 19:18:12.824 [main] Utils - [Utils] MethodGroupsHelper.collectMethodsByGroup() took 0 ms.
[INFO] 2025-02-13 19:18:12.825 [main] Utils - [Utils] MethodGroupsHelper.sortMethods() took 1 ms.
[INFO] 2025-02-13 19:18:12.825 [main] Utils - [Utils] MethodGroupsHelper.collectMethodsByGroup() took 0 ms.
[INFO] 2025-02-13 19:18:12.825 [main] Utils - [Utils] MethodGroupsHelper.sortMethods() took 0 ms.
[INFO] 2025-02-13 19:18:12.825 [main] Utils - [Utils] MethodGroupsHelper.collectMethodsByGroup() took 0 ms.
[INFO] 2025-02-13 19:18:12.826 [main] Utils - [Utils] MethodGroupsHelper.sortMethods() took 0 ms.
[INFO] 2025-02-13 19:18:12.829 [main] Utils - [Utils] MethodGroupsHelper.collectMethodsByGroup() took 0 ms.
[INFO] 2025-02-13 19:18:12.829 [main] Utils - [Utils] MethodGroupsHelper.sortMethods() took 0 ms.
[INFO] 2025-02-13 19:18:12.829 [main] Utils - [Utils] MethodGroupsHelper.collectMethodsByGroup() took 0 ms.
[INFO] 2025-02-13 19:18:12.829 [main] Utils - [Utils] MethodGroupsHelper.sortMethods() took 0 ms.
[INFO] 2025-02-13 19:18:12.833 [main] Utils - [Utils] MethodGroupsHelper.collectMethodsByGroup() took 0 ms.
[INFO] 2025-02-13 19:18:12.834 [main] Utils - [Utils] MethodGroupsHelper.sortMethods() took 0 ms.
[INFO] 2025-02-13 19:18:12.834 [main] Utils - [Utils] MethodGroupsHelper.collectMethodsByGroup() took 0 ms.
[INFO] 2025-02-13 19:18:12.834 [main] Utils - [Utils] MethodGroupsHelper.sortMethods() took 0 ms.
[INFO] 2025-02-13 19:18:12.838 [main] Utils - [Utils] MethodGroupsHelper.collectMethodsByGroup() took 3 ms.
[INFO] 2025-02-13 19:18:12.839 [main] Utils - [Utils] MethodGroupsHelper.sortMethods() took 0 ms.
[INFO] 2025-02-13 19:18:12.839 [main] Utils - [Utils] MethodGroupsHelper.collectMethodsByGroup() took 0 ms.
[INFO] 2025-02-13 19:18:12.840 [main] Utils - [Utils] MethodGroupsHelper.sortMethods() took 1 ms.
[INFO] 2025-02-13 19:18:12.840 [main] Utils - [Utils] MethodGroupsHelper.collectMethodsByGroup() took 0 ms.
[INFO] 2025-02-13 19:18:12.840 [main] Utils - [Utils] MethodGroupsHelper.sortMethods() took 0 ms.
[INFO] 2025-02-13 19:18:12.851 [main] Utils - [TestNG] Running:
  C:\Users\rinuh\AppData\Local\Temp\testng-eclipse-295335196\testng-customsuite.xml

[INFO] 2025-02-13 19:18:12.901 [main] Utils - [Utils] DynamicGraphHelper.createDynamicGraph() took 12 ms.
[INFO] 2025-02-13 19:18:13.954 [main] LoggerReader - Starting tests on browser: chrome
[INFO] 2025-02-13 19:18:16.187 [main] LoggerReader - Initializing WebDriver for browser: chrome
[INFO] 2025-02-13 19:18:27.773 [main] LoggerReader - User is in Try Editor window
[INFO] 2025-02-13 19:18:28.034 [main] LoggerReader - User is in Try Editor window
[INFO] 2025-02-13 19:18:28.318 [main] LoggerReader - User is in Try Editor window
[INFO] 2025-02-13 19:18:32.496 [main] LoggerReader - User is in Try Editor window
[INFO] 2025-02-13 19:18:32.736 [main] LoggerReader - User is in Try Editor window
[INFO] 2025-02-13 19:18:32.960 [main] LoggerReader - User is in Try Editor window
[INFO] 2025-02-13 19:18:34.512 [main] LoggerReader - User is in Try Editor window
[INFO] 2025-02-13 19:18:34.765 [main] LoggerReader - User is in Try Editor window
[INFO] 2025-02-13 19:18:35.007 [main] LoggerReader - User is in Try Editor window
[INFO] 2025-02-13 19:18:36.289 [main] LoggerReader - User is in Try Editor window
[INFO] 2025-02-13 19:18:36.619 [main] LoggerReader - User is in Try Editor window
[INFO] 2025-02-13 19:18:36.911 [main] LoggerReader - User is in Try Editor window
[INFO] 2025-02-13 19:18:38.680 [main] LoggerReader - User is in Try Editor window
[INFO] 2025-02-13 19:18:38.891 [main] LoggerReader - User is in Try Editor window
[INFO] 2025-02-13 19:18:39.137 [main] LoggerReader - User is in Try Editor window
[INFO] 2025-02-13 19:18:40.427 [main] LoggerReader - User is in Try Editor window
[INFO] 2025-02-13 19:18:40.667 [main] LoggerReader - User is in Try Editor window
[INFO] 2025-02-13 19:18:40.951 [main] LoggerReader - User is in Try Editor window
[INFO] 2025-02-13 19:18:42.299 [main] LoggerReader - User is in Try Editor window
[INFO] 2025-02-13 19:18:42.553 [main] LoggerReader - User is in Try Editor window
[INFO] 2025-02-13 19:18:42.795 [main] LoggerReader - User is in Try Editor window
[INFO] 2025-02-13 19:18:43.261 [main] LoggerReader - User is in Practice Questions Page
[INFO] 2025-02-13 19:19:11.686 [main] LoggerReader - Closing browser after all tests
[INFO] 2025-02-13 19:19:11.686 [main] LoggerReader - Closing WebDriver for current thread.
[INFO] 2025-02-13 19:19:12.002 [main] Utils - [TestNG] Time taken by org.testng.reporters.jq.Main@68feca3a: 64 ms
[INFO] 2025-02-13 19:19:12.011 [main] Utils - [TestNG] Time taken by org.testng.reporters.FailedReporter@e08d871: 9 ms
[INFO] 2025-02-13 19:19:12.034 [main] Utils - [TestNG] Time taken by org.testng.reporters.XMLReporter@37b1218: 23 ms
[INFO] 2025-02-13 19:19:12.047 [main] Utils - [TestNG] Time taken by org.testng.reporters.EmailableReporter2@23e573e: 13 ms
[INFO] 2025-02-13 19:19:12.061 [main] Utils - [TestNG] Time taken by org.testng.reporters.JUnitReportReporter@799206ad: 14 ms
[INFO] 2025-02-13 19:19:12.061 [main] Utils - [TestNG] Time taken by org.testng.internal.ExitCodeListener@60251ddb: 0 ms
[INFO] 2025-02-13 19:37:29.333 [main] Utils - [Utils] MethodGroupsHelper.collectMethodsByGroup() took 0 ms.
[INFO] 2025-02-13 19:37:29.335 [main] Utils - [Utils] MethodGroupsHelper.sortMethods() took 0 ms.
[INFO] 2025-02-13 19:37:29.336 [main] Utils - [Utils] MethodGroupsHelper.collectMethodsByGroup() took 0 ms.
[INFO] 2025-02-13 19:37:29.337 [main] Utils - [Utils] MethodGroupsHelper.sortMethods() took 0 ms.
[INFO] 2025-02-13 19:37:29.337 [main] Utils - [Utils] MethodGroupsHelper.collectMethodsByGroup() took 0 ms.
[INFO] 2025-02-13 19:37:29.337 [main] Utils - [Utils] MethodGroupsHelper.sortMethods() took 0 ms.
[INFO] 2025-02-13 19:37:29.338 [main] Utils - [Utils] MethodGroupsHelper.collectMethodsByGroup() took 0 ms.
[INFO] 2025-02-13 19:37:29.338 [main] Utils - [Utils] MethodGroupsHelper.sortMethods() took 0 ms.
[INFO] 2025-02-13 19:37:29.343 [main] Utils - [Utils] MethodGroupsHelper.collectMethodsByGroup() took 0 ms.
[INFO] 2025-02-13 19:37:29.350 [main] Utils - [Utils] MethodGroupsHelper.sortMethods() took 7 ms.
[INFO] 2025-02-13 19:37:29.351 [main] Utils - [Utils] MethodGroupsHelper.collectMethodsByGroup() took 0 ms.
[INFO] 2025-02-13 19:37:29.351 [main] Utils - [Utils] MethodGroupsHelper.sortMethods() took 0 ms.
[INFO] 2025-02-13 19:37:29.352 [main] Utils - [Utils] MethodGroupsHelper.collectMethodsByGroup() took 0 ms.
[INFO] 2025-02-13 19:37:29.352 [main] Utils - [Utils] MethodGroupsHelper.sortMethods() took 0 ms.
[INFO] 2025-02-13 19:37:29.352 [main] Utils - [Utils] MethodGroupsHelper.collectMethodsByGroup() took 0 ms.
[INFO] 2025-02-13 19:37:29.352 [main] Utils - [Utils] MethodGroupsHelper.sortMethods() took 0 ms.
[INFO] 2025-02-13 19:37:29.354 [main] Utils - [Utils] MethodGroupsHelper.collectMethodsByGroup() took 0 ms.
[INFO] 2025-02-13 19:37:29.354 [main] Utils - [Utils] MethodGroupsHelper.sortMethods() took 0 ms.
[INFO] 2025-02-13 19:37:29.354 [main] Utils - [Utils] MethodGroupsHelper.collectMethodsByGroup() took 0 ms.
[INFO] 2025-02-13 19:37:29.354 [main] Utils - [Utils] MethodGroupsHelper.sortMethods() took 0 ms.
[INFO] 2025-02-13 19:37:29.356 [main] Utils - [Utils] MethodGroupsHelper.collectMethodsByGroup() took 0 ms.
[INFO] 2025-02-13 19:37:29.356 [main] Utils - [Utils] MethodGroupsHelper.sortMethods() took 0 ms.
[INFO] 2025-02-13 19:37:29.356 [main] Utils - [Utils] MethodGroupsHelper.collectMethodsByGroup() took 0 ms.
[INFO] 2025-02-13 19:37:29.356 [main] Utils - [Utils] MethodGroupsHelper.sortMethods() took 0 ms.
[INFO] 2025-02-13 19:37:29.361 [main] Utils - [Utils] MethodGroupsHelper.collectMethodsByGroup() took 4 ms.
[INFO] 2025-02-13 19:37:29.361 [main] Utils - [Utils] MethodGroupsHelper.sortMethods() took 0 ms.
[INFO] 2025-02-13 19:37:29.364 [main] Utils - [Utils] MethodGroupsHelper.collectMethodsByGroup() took 0 ms.
[INFO] 2025-02-13 19:37:29.365 [main] Utils - [Utils] MethodGroupsHelper.sortMethods() took 0 ms.
[INFO] 2025-02-13 19:37:29.365 [main] Utils - [Utils] MethodGroupsHelper.collectMethodsByGroup() took 0 ms.
[INFO] 2025-02-13 19:37:29.365 [main] Utils - [Utils] MethodGroupsHelper.sortMethods() took 0 ms.
[INFO] 2025-02-13 19:37:29.369 [main] Utils - [TestNG] Running:
  C:\Users\rinuh\AppData\Local\Temp\testng-eclipse-1639907243\testng-customsuite.xml

[INFO] 2025-02-13 19:37:29.387 [main] Utils - [Utils] DynamicGraphHelper.createDynamicGraph() took 6 ms.
[INFO] 2025-02-13 19:37:30.240 [main] LoggerReader - Starting tests on browser: chrome
[INFO] 2025-02-13 19:37:31.799 [main] LoggerReader - Initializing WebDriver for browser: chrome
[INFO] 2025-02-13 19:37:40.824 [main] LoggerReader - User is in Try Editor window
[INFO] 2025-02-13 19:37:41.004 [main] LoggerReader - User is in Try Editor window
[INFO] 2025-02-13 19:37:41.149 [main] LoggerReader - User is in Try Editor window
[INFO] 2025-02-13 19:37:44.997 [main] LoggerReader - User is in Try Editor window
[INFO] 2025-02-13 19:37:45.230 [main] LoggerReader - User is in Try Editor window
[INFO] 2025-02-13 19:37:45.416 [main] LoggerReader - User is in Try Editor window
[INFO] 2025-02-13 19:37:46.315 [main] LoggerReader - User is in Try Editor window
[INFO] 2025-02-13 19:37:46.501 [main] LoggerReader - User is in Try Editor window
[INFO] 2025-02-13 19:37:46.696 [main] LoggerReader - User is in Try Editor window
[INFO] 2025-02-13 19:37:47.552 [main] LoggerReader - User is in Try Editor window
[INFO] 2025-02-13 19:37:47.729 [main] LoggerReader - User is in Try Editor window
[INFO] 2025-02-13 19:37:47.944 [main] LoggerReader - User is in Try Editor window
[INFO] 2025-02-13 19:37:48.780 [main] LoggerReader - User is in Try Editor window
[INFO] 2025-02-13 19:37:48.939 [main] LoggerReader - User is in Try Editor window
[INFO] 2025-02-13 19:37:49.097 [main] LoggerReader - User is in Try Editor window
[INFO] 2025-02-13 19:37:49.911 [main] LoggerReader - User is in Try Editor window
[INFO] 2025-02-13 19:37:50.063 [main] LoggerReader - User is in Try Editor window
[INFO] 2025-02-13 19:37:50.255 [main] LoggerReader - User is in Try Editor window
[INFO] 2025-02-13 19:37:51.054 [main] LoggerReader - User is in Try Editor window
[INFO] 2025-02-13 19:37:51.202 [main] LoggerReader - User is in Try Editor window
[INFO] 2025-02-13 19:37:51.390 [main] LoggerReader - User is in Try Editor window
[INFO] 2025-02-13 19:37:51.769 [main] LoggerReader - User is in Practice Questions Page
[INFO] 2025-02-13 19:38:17.742 [main] LoggerReader - Closing browser after all tests
[INFO] 2025-02-13 19:38:17.743 [main] LoggerReader - Closing WebDriver for current thread.
[INFO] 2025-02-13 19:38:21.944 [main] Utils - [TestNG] Time taken by org.testng.reporters.jq.Main@66464f27: 105 ms
[INFO] 2025-02-13 19:38:21.969 [main] Utils - [TestNG] Time taken by org.testng.reporters.FailedReporter@5f6dd89c: 24 ms
[INFO] 2025-02-13 19:38:22.012 [main] Utils - [TestNG] Time taken by org.testng.reporters.XMLReporter@537e52de: 43 ms
[INFO] 2025-02-13 19:38:22.036 [main] Utils - [TestNG] Time taken by org.testng.reporters.EmailableReporter2@4d609cc3: 24 ms
[INFO] 2025-02-13 19:38:22.053 [main] Utils - [TestNG] Time taken by org.testng.reporters.JUnitReportReporter@16575bfe: 15 ms
[INFO] 2025-02-13 19:38:22.053 [main] Utils - [TestNG] Time taken by org.testng.internal.ExitCodeListener@60003305: 0 ms
[INFO] 2025-02-13 21:15:28.313 [main] LoggerReader - Starting tests on browser: chrome
[INFO] 2025-02-13 21:15:31.189 [main] LoggerReader - Initializing WebDriver for browser: chrome
[INFO] 2025-02-13 21:15:41.066 [main] LoggerReader - User is in Try Editor window
[INFO] 2025-02-13 21:15:41.249 [main] LoggerReader - User is in Try Editor window
[INFO] 2025-02-13 21:15:41.436 [main] LoggerReader - User is in Try Editor window
[INFO] 2025-02-13 21:15:45.332 [main] LoggerReader - User is in Try Editor window
[INFO] 2025-02-13 21:15:45.528 [main] LoggerReader - User is in Try Editor window
[INFO] 2025-02-13 21:15:45.707 [main] LoggerReader - User is in Try Editor window
[INFO] 2025-02-13 21:15:46.709 [main] LoggerReader - User is in Try Editor window
[INFO] 2025-02-13 21:15:46.879 [main] LoggerReader - User is in Try Editor window
[INFO] 2025-02-13 21:15:47.048 [main] LoggerReader - User is in Try Editor window
[INFO] 2025-02-13 21:15:47.868 [main] LoggerReader - User is in Try Editor window
[INFO] 2025-02-13 21:15:48.018 [main] LoggerReader - User is in Try Editor window
[INFO] 2025-02-13 21:15:48.164 [main] LoggerReader - User is in Try Editor window
[INFO] 2025-02-13 21:15:48.893 [main] LoggerReader - User is in Try Editor window
[INFO] 2025-02-13 21:15:49.035 [main] LoggerReader - User is in Try Editor window
[INFO] 2025-02-13 21:15:49.258 [main] LoggerReader - User is in Try Editor window
[INFO] 2025-02-13 21:15:50.077 [main] LoggerReader - User is in Try Editor window
[INFO] 2025-02-13 21:15:50.285 [main] LoggerReader - User is in Try Editor window
[INFO] 2025-02-13 21:15:50.452 [main] LoggerReader - User is in Try Editor window
[INFO] 2025-02-13 21:15:51.477 [main] LoggerReader - User is in Try Editor window
[INFO] 2025-02-13 21:15:51.632 [main] LoggerReader - User is in Try Editor window
[INFO] 2025-02-13 21:15:51.822 [main] LoggerReader - User is in Try Editor window
[INFO] 2025-02-13 21:15:52.152 [main] LoggerReader - User is in Practice Questions Page
[INFO] 2025-02-13 21:16:18.110 [main] LoggerReader - Closing browser after all tests
[INFO] 2025-02-13 21:16:18.110 [main] LoggerReader - Closing WebDriver for current thread.
[INFO] 2025-02-18 10:07:03.779 [main] LoggerReader - Starting tests on browser: chrome
[INFO] 2025-02-18 10:07:07.065 [main] LoggerReader - Initializing WebDriver for browser: chrome
[INFO] 2025-02-18 10:07:12.917 [main] LoggerReader - User is in Home Page
[INFO] 2025-02-18 10:07:16.491 [main] LoggerReader - User is in Home Page
[INFO] 2025-02-18 10:07:19.545 [main] LoggerReader - User is in Try Editor window
[INFO] 2025-02-18 10:07:19.824 [main] LoggerReader - User is in Try Editor window
[INFO] 2025-02-18 10:07:20.135 [main] LoggerReader - User is in Try Editor window
[INFO] 2025-02-18 10:07:21.649 [main] LoggerReader - User is in Try Editor window
[INFO] 2025-02-18 10:07:22.100 [main] LoggerReader - User is in Try Editor window
[INFO] 2025-02-18 10:07:22.481 [main] LoggerReader - User is in Try Editor window
[INFO] 2025-02-18 10:07:24.061 [main] LoggerReader - User is in Try Editor window
[INFO] 2025-02-18 10:07:24.442 [main] LoggerReader - User is in Try Editor window
[INFO] 2025-02-18 10:07:24.829 [main] LoggerReader - User is in Try Editor window
[INFO] 2025-02-18 10:07:26.587 [main] LoggerReader - User is in Try Editor window
[INFO] 2025-02-18 10:07:26.974 [main] LoggerReader - User is in Try Editor window
[INFO] 2025-02-18 10:07:27.389 [main] LoggerReader - User is in Try Editor window
[INFO] 2025-02-18 10:07:29.356 [main] LoggerReader - User is in Try Editor window
[INFO] 2025-02-18 10:07:29.720 [main] LoggerReader - User is in Try Editor window
[INFO] 2025-02-18 10:07:30.070 [main] LoggerReader - User is in Try Editor window
[INFO] 2025-02-18 10:07:31.585 [main] LoggerReader - User is in Try Editor window
[INFO] 2025-02-18 10:07:31.954 [main] LoggerReader - User is in Try Editor window
[INFO] 2025-02-18 10:07:32.286 [main] LoggerReader - User is in Try Editor window
[INFO] 2025-02-18 10:07:33.989 [main] LoggerReader - User is in Try Editor window
[INFO] 2025-02-18 10:07:34.341 [main] LoggerReader - User is in Try Editor window
[INFO] 2025-02-18 10:07:34.671 [main] LoggerReader - User is in Try Editor window
[INFO] 2025-02-18 10:07:35.394 [main] LoggerReader - User is in Practice Questions Page
[INFO] 2025-02-18 10:08:03.308 [main] LoggerReader - Closing browser after all tests
[INFO] 2025-02-18 10:08:03.308 [main] LoggerReader - Closing WebDriver for current thread.
[INFO] 2025-02-18 10:22:42.437 [main] LoggerReader - Starting tests on browser: chrome
[INFO] 2025-02-18 10:22:44.685 [main] LoggerReader - Initializing WebDriver for browser: chrome
[INFO] 2025-02-18 10:22:50.309 [main] LoggerReader - User is in Home Page
[INFO] 2025-02-18 10:22:53.699 [main] LoggerReader - User is in Home Page
[INFO] 2025-02-18 10:22:53.739 [main] LoggerReader - User is in the Sign in page
[INFO] 2025-02-18 10:22:54.272 [main] LoggerReader - Linked List Title is displayed
[INFO] 2025-02-18 10:22:55.543 [main] LoggerReader - Introduction Title is displayed
[INFO] 2025-02-18 10:22:56.194 [main] LoggerReader - Run button is displayed
[INFO] 2025-02-18 10:22:56.463 [main] LoggerReader - User is in Try Editor window
[INFO] 2025-02-18 10:22:56.480 [main] LoggerReader - Run button is displayed
[INFO] 2025-02-18 10:22:56.799 [main] LoggerReader - User is in Try Editor window
[INFO] 2025-02-18 10:22:56.822 [main] LoggerReader - Run button is displayed
[INFO] 2025-02-18 10:22:57.164 [main] LoggerReader - User is in Try Editor window
[INFO] 2025-02-18 10:22:57.175 [main] LoggerReader - Run button is displayed
[INFO] 2025-02-18 10:22:57.691 [main] LoggerReader - Creating Linked List Title is displayed
[INFO] 2025-02-18 10:22:58.168 [main] LoggerReader - Run button is displayed
[INFO] 2025-02-18 10:22:58.495 [main] LoggerReader - User is in Try Editor window
[INFO] 2025-02-18 10:22:58.517 [main] LoggerReader - Run button is displayed
[INFO] 2025-02-18 10:22:58.895 [main] LoggerReader - User is in Try Editor window
[INFO] 2025-02-18 10:22:58.914 [main] LoggerReader - Run button is displayed
[INFO] 2025-02-18 10:22:59.249 [main] LoggerReader - User is in Try Editor window
[INFO] 2025-02-18 10:22:59.264 [main] LoggerReader - Run button is displayed
[INFO] 2025-02-18 10:22:59.982 [main] LoggerReader - Types of Linked List Title is displayed
[INFO] 2025-02-18 10:23:00.536 [main] LoggerReader - Run button is displayed
[INFO] 2025-02-18 10:23:00.863 [main] LoggerReader - User is in Try Editor window
[INFO] 2025-02-18 10:23:00.885 [main] LoggerReader - Run button is displayed
[INFO] 2025-02-18 10:23:01.171 [main] LoggerReader - User is in Try Editor window
[INFO] 2025-02-18 10:23:01.187 [main] LoggerReader - Run button is displayed
[INFO] 2025-02-18 10:23:01.464 [main] LoggerReader - User is in Try Editor window
[INFO] 2025-02-18 10:23:01.479 [main] LoggerReader - Run button is displayed
[INFO] 2025-02-18 10:23:02.201 [main] LoggerReader - Implement Linked List Title is displayed
[INFO] 2025-02-18 10:23:02.774 [main] LoggerReader - Run button is displayed
[INFO] 2025-02-18 10:23:02.995 [main] LoggerReader - User is in Try Editor window
[INFO] 2025-02-18 10:23:03.013 [main] LoggerReader - Run button is displayed
[INFO] 2025-02-18 10:23:03.244 [main] LoggerReader - User is in Try Editor window
[INFO] 2025-02-18 10:23:03.265 [main] LoggerReader - Run button is displayed
[INFO] 2025-02-18 10:23:03.539 [main] LoggerReader - User is in Try Editor window
[INFO] 2025-02-18 10:23:03.558 [main] LoggerReader - Run button is displayed
[INFO] 2025-02-18 10:23:04.191 [main] LoggerReader - Traversal Title is displayed
[INFO] 2025-02-18 10:23:04.716 [main] LoggerReader - Run button is displayed
[INFO] 2025-02-18 10:23:05.009 [main] LoggerReader - User is in Try Editor window
[INFO] 2025-02-18 10:23:05.028 [main] LoggerReader - Run button is displayed
[INFO] 2025-02-18 10:23:05.299 [main] LoggerReader - User is in Try Editor window
[INFO] 2025-02-18 10:23:05.317 [main] LoggerReader - Run button is displayed
[INFO] 2025-02-18 10:23:05.542 [main] LoggerReader - User is in Try Editor window
[INFO] 2025-02-18 10:23:05.562 [main] LoggerReader - Run button is displayed
[INFO] 2025-02-18 10:23:06.330 [main] LoggerReader - Insertion Title is displayed
[INFO] 2025-02-18 10:23:06.927 [main] LoggerReader - Run button is displayed
[INFO] 2025-02-18 10:23:07.257 [main] LoggerReader - User is in Try Editor window
[INFO] 2025-02-18 10:23:07.277 [main] LoggerReader - Run button is displayed
[INFO] 2025-02-18 10:23:07.566 [main] LoggerReader - User is in Try Editor window
[INFO] 2025-02-18 10:23:07.579 [main] LoggerReader - Run button is displayed
[INFO] 2025-02-18 10:23:07.863 [main] LoggerReader - User is in Try Editor window
[INFO] 2025-02-18 10:23:07.876 [main] LoggerReader - Run button is displayed
[INFO] 2025-02-18 10:23:08.492 [main] LoggerReader - Deletion Title is displayed
[INFO] 2025-02-18 10:23:08.906 [main] LoggerReader - Run button is displayed
[INFO] 2025-02-18 10:23:09.185 [main] LoggerReader - User is in Try Editor window
[INFO] 2025-02-18 10:23:09.206 [main] LoggerReader - Run button is displayed
[INFO] 2025-02-18 10:23:09.456 [main] LoggerReader - User is in Try Editor window
[INFO] 2025-02-18 10:23:09.473 [main] LoggerReader - Run button is displayed
[INFO] 2025-02-18 10:23:09.758 [main] LoggerReader - User is in Try Editor window
[INFO] 2025-02-18 10:23:09.776 [main] LoggerReader - Run button is displayed
[INFO] 2025-02-18 10:23:09.902 [main] LoggerReader - Deletion Title is displayed
[INFO] 2025-02-18 10:23:10.291 [main] LoggerReader - User is in Practice Questions Page
[INFO] 2025-02-18 10:23:13.060 [main] LoggerReader - Sign Out link is displayed
[INFO] 2025-02-18 10:23:13.763 [main] LoggerReader - Sign In link is displayed
[INFO] 2025-02-18 10:23:14.767 [main] LoggerReader - Sign In link is displayed
[INFO] 2025-02-18 10:23:18.484 [main] LoggerReader - Register link is displayed
[INFO] 2025-02-18 10:23:18.906 [main] LoggerReader - Register Button is displayed
[INFO] 2025-02-18 10:23:19.354 [main] LoggerReader - Register Button is displayed
[INFO] 2025-02-18 10:23:19.888 [main] LoggerReader - Register Button is displayed
[INFO] 2025-02-18 10:23:20.476 [main] LoggerReader - Register Button is displayed
[INFO] 2025-02-18 10:23:21.103 [main] LoggerReader - Register Button is displayed
[INFO] 2025-02-18 10:23:22.396 [main] LoggerReader - Register Button is displayed
[INFO] 2025-02-18 10:23:23.468 [main] LoggerReader - Register Button is displayed
[INFO] 2025-02-18 10:23:24.019 [main] LoggerReader - Register Button is displayed
[INFO] 2025-02-18 10:23:24.668 [main] LoggerReader - Register Button is displayed
[INFO] 2025-02-18 10:23:25.260 [main] LoggerReader - Register Button is displayed
[INFO] 2025-02-18 10:23:25.896 [main] LoggerReader - Register Button is displayed
[INFO] 2025-02-18 10:23:27.250 [main] LoggerReader - Register Button is displayed
[INFO] 2025-02-18 10:23:28.465 [main] LoggerReader - Register Button is displayed
[INFO] 2025-02-18 10:23:33.384 [main] LoggerReader - Register button is displayed
[INFO] 2025-02-18 10:23:36.626 [main] LoggerReader - Closing browser after all tests
[INFO] 2025-02-18 10:23:36.626 [main] LoggerReader - Closing WebDriver for current thread.
[INFO] 2025-02-18 12:53:46.026 [main] LoggerReader - Starting tests on browser: chrome
[INFO] 2025-02-18 12:53:49.841 [main] LoggerReader - Initializing WebDriver for browser: chrome
[INFO] 2025-02-18 12:53:59.388 [main] LoggerReader - User is in Home Page
[INFO] 2025-02-18 12:54:03.457 [main] LoggerReader - User is in Home Page
[INFO] 2025-02-18 12:54:03.529 [main] LoggerReader - User is in the Sign in page
[INFO] 2025-02-18 12:54:04.572 [main] LoggerReader - Linked List Title is displayed
[INFO] 2025-02-18 12:54:07.563 [main] LoggerReader - Introduction Title is displayed
[INFO] 2025-02-18 12:54:10.352 [main] LoggerReader - Run button is displayed
[INFO] 2025-02-18 12:54:10.887 [main] LoggerReader - User is in Try Editor window
[INFO] 2025-02-18 12:54:10.905 [main] LoggerReader - Run button is displayed
[INFO] 2025-02-18 12:54:11.330 [main] LoggerReader - User is in Try Editor window
[INFO] 2025-02-18 12:54:11.351 [main] LoggerReader - Run button is displayed
[INFO] 2025-02-18 12:54:11.844 [main] LoggerReader - User is in Try Editor window
[INFO] 2025-02-18 12:54:11.861 [main] LoggerReader - Run button is displayed
[INFO] 2025-02-18 12:54:12.981 [main] LoggerReader - Creating Linked List Title is displayed
[INFO] 2025-02-18 12:54:13.931 [main] LoggerReader - Run button is displayed
[INFO] 2025-02-18 12:54:14.512 [main] LoggerReader - User is in Try Editor window
[INFO] 2025-02-18 12:54:14.536 [main] LoggerReader - Run button is displayed
[INFO] 2025-02-18 12:54:15.078 [main] LoggerReader - User is in Try Editor window
[INFO] 2025-02-18 12:54:15.099 [main] LoggerReader - Run button is displayed
[INFO] 2025-02-18 12:54:15.568 [main] LoggerReader - User is in Try Editor window
[INFO] 2025-02-18 12:54:15.587 [main] LoggerReader - Run button is displayed
[INFO] 2025-02-18 12:54:16.824 [main] LoggerReader - Types of Linked List Title is displayed
[INFO] 2025-02-18 12:54:17.668 [main] LoggerReader - Run button is displayed
[INFO] 2025-02-18 12:54:18.196 [main] LoggerReader - User is in Try Editor window
[INFO] 2025-02-18 12:54:18.221 [main] LoggerReader - Run button is displayed
[INFO] 2025-02-18 12:54:18.665 [main] LoggerReader - User is in Try Editor window
[INFO] 2025-02-18 12:54:18.682 [main] LoggerReader - Run button is displayed
[INFO] 2025-02-18 12:54:19.133 [main] LoggerReader - User is in Try Editor window
[INFO] 2025-02-18 12:54:19.148 [main] LoggerReader - Run button is displayed
[INFO] 2025-02-18 12:54:20.129 [main] LoggerReader - Implement Linked List Title is displayed
[INFO] 2025-02-18 12:54:20.823 [main] LoggerReader - Run button is displayed
[INFO] 2025-02-18 12:54:21.309 [main] LoggerReader - User is in Try Editor window
[INFO] 2025-02-18 12:54:21.326 [main] LoggerReader - Run button is displayed
[INFO] 2025-02-18 12:54:21.755 [main] LoggerReader - User is in Try Editor window
[INFO] 2025-02-18 12:54:21.773 [main] LoggerReader - Run button is displayed
[INFO] 2025-02-18 12:54:22.202 [main] LoggerReader - User is in Try Editor window
[INFO] 2025-02-18 12:54:22.224 [main] LoggerReader - Run button is displayed
[INFO] 2025-02-18 12:54:23.124 [main] LoggerReader - Traversal Title is displayed
[INFO] 2025-02-18 12:54:23.940 [main] LoggerReader - Run button is displayed
[INFO] 2025-02-18 12:54:24.437 [main] LoggerReader - User is in Try Editor window
[INFO] 2025-02-18 12:54:24.456 [main] LoggerReader - Run button is displayed
[INFO] 2025-02-18 12:54:24.882 [main] LoggerReader - User is in Try Editor window
[INFO] 2025-02-18 12:54:24.899 [main] LoggerReader - Run button is displayed
[INFO] 2025-02-18 12:54:25.271 [main] LoggerReader - User is in Try Editor window
[INFO] 2025-02-18 12:54:25.292 [main] LoggerReader - Run button is displayed
[INFO] 2025-02-18 12:54:26.285 [main] LoggerReader - Insertion Title is displayed
[INFO] 2025-02-18 12:54:27.056 [main] LoggerReader - Run button is displayed
[INFO] 2025-02-18 12:54:27.557 [main] LoggerReader - User is in Try Editor window
[INFO] 2025-02-18 12:54:27.574 [main] LoggerReader - Run button is displayed
[INFO] 2025-02-18 12:54:28.056 [main] LoggerReader - User is in Try Editor window
[INFO] 2025-02-18 12:54:28.077 [main] LoggerReader - Run button is displayed
[INFO] 2025-02-18 12:54:28.467 [main] LoggerReader - User is in Try Editor window
[INFO] 2025-02-18 12:54:28.484 [main] LoggerReader - Run button is displayed
[INFO] 2025-02-18 12:54:29.511 [main] LoggerReader - Deletion Title is displayed
[INFO] 2025-02-18 12:54:30.721 [main] LoggerReader - Run button is displayed
[INFO] 2025-02-18 12:54:31.185 [main] LoggerReader - User is in Try Editor window
[INFO] 2025-02-18 12:54:31.205 [main] LoggerReader - Run button is displayed
[INFO] 2025-02-18 12:54:31.748 [main] LoggerReader - User is in Try Editor window
[INFO] 2025-02-18 12:54:31.765 [main] LoggerReader - Run button is displayed
[INFO] 2025-02-18 12:54:32.158 [main] LoggerReader - User is in Try Editor window
[INFO] 2025-02-18 12:54:32.176 [main] LoggerReader - Run button is displayed
[INFO] 2025-02-18 12:54:32.438 [main] LoggerReader - Deletion Title is displayed
[INFO] 2025-02-18 12:54:32.998 [main] LoggerReader - User is in Practice Questions Page
[INFO] 2025-02-18 12:54:36.260 [main] LoggerReader - Sign Out link is displayed
[INFO] 2025-02-18 12:54:37.034 [main] LoggerReader - Login button is displayed
[INFO] 2025-02-18 12:54:37.826 [main] LoggerReader - Login button is displayed
[INFO] 2025-02-18 12:54:41.979 [main] LoggerReader - Register link is displayed
[INFO] 2025-02-18 12:54:42.791 [main] LoggerReader - Register Button is displayed
[INFO] 2025-02-18 12:54:43.658 [main] LoggerReader - Register Button is displayed
[INFO] 2025-02-18 12:54:44.564 [main] LoggerReader - Register Button is displayed
[INFO] 2025-02-18 12:54:45.717 [main] LoggerReader - Register Button is displayed
[INFO] 2025-02-18 12:54:46.646 [main] LoggerReader - Register Button is displayed
[INFO] 2025-02-18 12:54:48.955 [main] LoggerReader - Register Button is displayed
[INFO] 2025-02-18 12:54:51.134 [main] LoggerReader - Register Button is displayed
[INFO] 2025-02-18 12:54:51.940 [main] LoggerReader - Register Button is displayed
[INFO] 2025-02-18 12:54:53.293 [main] LoggerReader - Register Button is displayed
[INFO] 2025-02-18 12:54:54.315 [main] LoggerReader - Register Button is displayed
[INFO] 2025-02-18 12:54:55.322 [main] LoggerReader - Register Button is displayed
[INFO] 2025-02-18 12:54:58.004 [main] LoggerReader - Register Button is displayed
[INFO] 2025-02-18 12:54:59.979 [main] LoggerReader - Register Button is displayed
[INFO] 2025-02-18 12:55:09.093 [main] LoggerReader - Register button is displayed
[INFO] 2025-02-18 12:55:12.779 [main] LoggerReader - Closing browser after all tests
[INFO] 2025-02-18 12:55:12.779 [main] LoggerReader - Closing WebDriver for current thread.
